<?xml version="1.0" encoding="UTF-8"?>
<!-- Generated by org.testng.reporters.JUnitReportReporter -->
<testsuite hostname="mindq-PC" name="com.ebank.master.Branch" tests="1" failures="0" timestamp="28 Oct 2016 09:59:08 GMT" time="19.475" errors="0">
  <testcase name="Exeb" time="19.475" classname="com.ebank.master.Branch"/>
</testsuite> <!-- com.ebank.master.Branch -->
