<?xml version="1.0" encoding="UTF-8"?>
<!-- Generated by org.testng.reporters.JUnitReportReporter -->
<testsuite hostname="mindq-PC" name="com.ebank.master.Exerpage" tests="1" failures="0" timestamp="3 Nov 2016 10:02:21 GMT" time="7.646" errors="0">
  <testcase name="exelogin" time="7.646" classname="com.ebank.master.Exerpage"/>
</testsuite> <!-- com.ebank.master.Exerpage -->
