<?xml version="1.0" encoding="UTF-8"?>
<!-- Generated by org.testng.reporters.JUnitReportReporter -->
<testsuite hostname="mindq-PC" name="com.ebank.tests.Ng$exampleNg" tests="3" failures="0" timestamp="25 Oct 2016 09:45:53 GMT" time="0.015" errors="0">
  <testcase name="abc" time="0.015" classname="com.ebank.tests.Ng$exampleNg"/>
  <testcase name="pqr" time="0.000" classname="com.ebank.tests.Ng$exampleNg"/>
  <testcase name="xyz" time="0.000" classname="com.ebank.tests.Ng$exampleNg"/>
</testsuite> <!-- com.ebank.tests.Ng$exampleNg -->
