<?xml version="1.0" encoding="UTF-8"?>
<!-- Generated by org.testng.reporters.JUnitReportReporter -->
<testsuite hostname="mindq-PC" name="com.ebank.tests.Ng" tests="2" failures="0" timestamp="28 Oct 2016 09:16:43 GMT" time="0.016" errors="0">
  <testcase name="pqr" time="0.000" classname="com.ebank.tests.Ng"/>
  <testcase name="xyz" time="0.016" classname="com.ebank.tests.Ng"/>
</testsuite> <!-- com.ebank.tests.Ng -->
