<?xml version="1.0" encoding="UTF-8"?>
<!-- Generated by org.testng.reporters.JUnitReportReporter -->
<testsuite hostname="mindq-PC" name="com.ebank.master.role" tests="3" failures="0" timestamp="28 Oct 2016 10:13:51 GMT" time="30.249" errors="0">
  <testcase name="ExeR" time="10.063" classname="com.ebank.master.role"/>
  <testcase name="ExeR" time="10.047" classname="com.ebank.master.role"/>
  <testcase name="ExeR" time="10.139" classname="com.ebank.master.role"/>
</testsuite> <!-- com.ebank.master.role -->
