<?xml version="1.0" encoding="UTF-8"?>
<!-- Generated by org.testng.reporters.JUnitReportReporter -->
<testsuite hostname="mindq-PC" name="com.ebank.master.Rhpexe" tests="1" failures="0" timestamp="18 Nov 2016 06:38:28 GMT" time="8.389" errors="0">
  <testcase name="exe" time="8.389" classname="com.ebank.master.Rhpexe"/>
</testsuite> <!-- com.ebank.master.Rhpexe -->
